EliteWindowingComponents/app/build/intermediates/manifest_merge_blame_file/debug/manifest-merger-blame-debug-report.txt
1<?xml version="1.0" encoding="utf-8"?>
2<manifest xmlns:android="http://schemas.android.com/apk/res/android"
3    package="com.elitesoftware.geminiwidget"
4    android:versionCode="1" >
5
6    <uses-sdk
7        android:minSdkVersion="24"
8        android:targetSdkVersion="34" />
9
10    <uses-permission android:name="android.permission.INTERNET" />
10-->src\main\AndroidManifest.xml:6:5-67
10-->src\main\AndroidManifest.xml:6:22-64
11    <uses-permission android:name="android.permission.SYSTEM_ALERT_WINDOW" />
11-->src\main\AndroidManifest.xml:7:5-78
11-->src\main\AndroidManifest.xml:7:22-75
12    <uses-permission android:name="android.permission.PACKAGE_USAGE_STATS" />
12-->src\main\AndroidManifest.xml:8:5-114
12-->src\main\AndroidManifest.xml:8:22-75
13    <uses-permission android:name="moe.shizuku.manager.permission.API_V23" />
13-->src\main\AndroidManifest.xml:9:5-78
13-->src\main\AndroidManifest.xml:9:22-75
14    <uses-permission android:name="com.rosan.dhizuku.permission.API" />
14-->[io.github.iamr0s:Dhizuku-API:2.4] AndroidManifest.xml:7:5-72
14-->[io.github.iamr0s:Dhizuku-API:2.4] AndroidManifest.xml:7:22-69
15
16    <queries>
16-->[io.github.iamr0s:Dhizuku-API:2.4] AndroidManifest.xml:9:5-11:15
17        <provider android:authorities="com.rosan.dhizuku.server.provider" />
17-->[io.github.iamr0s:Dhizuku-API:2.4] AndroidManifest.xml:10:9-77
17-->[io.github.iamr0s:Dhizuku-API:2.4] AndroidManifest.xml:10:19-74
18    </queries>
19
20    <permission
20-->[androidx.core:core:1.9.0] AndroidManifest.xml:22:5-24:47
21        android:name="com.elitesoftware.geminiwidget.DYNAMIC_RECEIVER_NOT_EXPORTED_PERMISSION"
21-->[androidx.core:core:1.9.0] AndroidManifest.xml:23:9-81
22        android:protectionLevel="signature" />
22-->[androidx.core:core:1.9.0] AndroidManifest.xml:24:9-44
23
24    <uses-permission android:name="com.elitesoftware.geminiwidget.DYNAMIC_RECEIVER_NOT_EXPORTED_PERMISSION" />
24-->[androidx.core:core:1.9.0] AndroidManifest.xml:26:5-97
24-->[androidx.core:core:1.9.0] AndroidManifest.xml:26:22-94
25
26    <application
26-->src\main\AndroidManifest.xml:11:5-148:19
27        android:allowBackup="true"
27-->src\main\AndroidManifest.xml:12:9-35
28        android:appComponentFactory="androidx.core.app.CoreComponentFactory"
28-->[androidx.core:core:1.9.0] AndroidManifest.xml:28:18-86
29        android:debuggable="true"
30        android:extractNativeLibs="false"
31        android:hardwareAccelerated="true"
31-->src\main\AndroidManifest.xml:17:9-43
32        android:icon="@mipmap/ic_launcher"
32-->src\main\AndroidManifest.xml:13:9-43
33        android:label="@string/app_name"
33-->src\main\AndroidManifest.xml:14:9-41
34        android:supportsRtl="true"
34-->src\main\AndroidManifest.xml:15:9-35
35        android:theme="@style/Theme.AppCompat.Light.NoActionBar"
35-->src\main\AndroidManifest.xml:16:9-65
36        android:usesCleartextTraffic="true" >
36-->src\main\AndroidManifest.xml:18:9-44
37
38        <!-- Main Component Launcher -->
39        <activity
39-->src\main\AndroidManifest.xml:21:9-30:20
40            android:name="com.elitesoftware.elitewindowingcomponents.MainActivity"
40-->src\main\AndroidManifest.xml:22:13-41
41            android:exported="true"
41-->src\main\AndroidManifest.xml:25:13-36
42            android:icon="@mipmap/ic_launcher"
42-->src\main\AndroidManifest.xml:24:13-47
43            android:label="Elite Windows" >
43-->src\main\AndroidManifest.xml:23:13-42
44            <intent-filter>
44-->src\main\AndroidManifest.xml:26:13-29:29
45                <action android:name="android.intent.action.MAIN" />
45-->src\main\AndroidManifest.xml:27:17-69
45-->src\main\AndroidManifest.xml:27:25-66
46
47                <category android:name="android.intent.category.LAUNCHER" />
47-->src\main\AndroidManifest.xml:28:17-77
47-->src\main\AndroidManifest.xml:28:27-74
48            </intent-filter>
49        </activity>
50
51        <!-- Custom Frame Builder -->
52        <activity
52-->src\main\AndroidManifest.xml:33:9-42:20
53            android:name="com.elitesoftware.elitewindowingcomponents.CustomFrameActivity"
53-->src\main\AndroidManifest.xml:34:13-48
54            android:exported="true"
54-->src\main\AndroidManifest.xml:37:13-36
55            android:icon="@mipmap/ic_custom_frame"
55-->src\main\AndroidManifest.xml:36:13-51
56            android:label="Custom Frame" >
56-->src\main\AndroidManifest.xml:35:13-41
57            <intent-filter>
57-->src\main\AndroidManifest.xml:26:13-29:29
58                <action android:name="android.intent.action.MAIN" />
58-->src\main\AndroidManifest.xml:27:17-69
58-->src\main\AndroidManifest.xml:27:25-66
59
60                <category android:name="android.intent.category.LAUNCHER" />
60-->src\main\AndroidManifest.xml:28:17-77
60-->src\main\AndroidManifest.xml:28:27-74
61            </intent-filter>
62        </activity>
63
64        <!-- Gemini Window -->
65        <activity
65-->src\main\AndroidManifest.xml:45:9-57:20
66            android:name="com.elitesoftware.elitewindowingcomponents.GeminiLauncherActivity"
66-->src\main\AndroidManifest.xml:46:13-51
67            android:excludeFromRecents="true"
67-->src\main\AndroidManifest.xml:50:13-46
68            android:exported="true"
68-->src\main\AndroidManifest.xml:52:13-36
69            android:icon="@mipmap/ic_gemini_star"
69-->src\main\AndroidManifest.xml:48:13-50
70            android:label="Elite Gemini"
70-->src\main\AndroidManifest.xml:47:13-41
71            android:noHistory="true"
71-->src\main\AndroidManifest.xml:51:13-37
72            android:taskAffinity="" >
72-->src\main\AndroidManifest.xml:49:13-36
73            <intent-filter>
73-->src\main\AndroidManifest.xml:26:13-29:29
74                <action android:name="android.intent.action.MAIN" />
74-->src\main\AndroidManifest.xml:27:17-69
74-->src\main\AndroidManifest.xml:27:25-66
75
76                <category android:name="android.intent.category.LAUNCHER" />
76-->src\main\AndroidManifest.xml:28:17-77
76-->src\main\AndroidManifest.xml:28:27-74
77            </intent-filter>
78        </activity>
79
80        <!-- Settings Window -->
81        <activity
81-->src\main\AndroidManifest.xml:60:9-72:20
82            android:name="com.elitesoftware.elitewindowingcomponents.SettingsLauncherActivity"
82-->src\main\AndroidManifest.xml:61:13-53
83            android:excludeFromRecents="true"
83-->src\main\AndroidManifest.xml:65:13-46
84            android:exported="true"
84-->src\main\AndroidManifest.xml:67:13-36
85            android:icon="@mipmap/ic_settings"
85-->src\main\AndroidManifest.xml:63:13-47
86            android:label="Elite Settings"
86-->src\main\AndroidManifest.xml:62:13-43
87            android:noHistory="true"
87-->src\main\AndroidManifest.xml:66:13-37
88            android:taskAffinity="" >
88-->src\main\AndroidManifest.xml:64:13-36
89            <intent-filter>
89-->src\main\AndroidManifest.xml:26:13-29:29
90                <action android:name="android.intent.action.MAIN" />
90-->src\main\AndroidManifest.xml:27:17-69
90-->src\main\AndroidManifest.xml:27:25-66
91
92                <category android:name="android.intent.category.LAUNCHER" />
92-->src\main\AndroidManifest.xml:28:17-77
92-->src\main\AndroidManifest.xml:28:27-74
93            </intent-filter>
94        </activity>
95
96        <!-- Share Target -->
97        <activity
97-->src\main\AndroidManifest.xml:75:9-84:20
98            android:name="com.elitesoftware.elitewindowingcomponents.ShareReceiverActivity"
98-->src\main\AndroidManifest.xml:76:13-50
99            android:exported="true"
99-->src\main\AndroidManifest.xml:78:13-36
100            android:label="Open in Elite Frame" >
100-->src\main\AndroidManifest.xml:77:13-48
101            <intent-filter>
101-->src\main\AndroidManifest.xml:79:13-83:29
102                <action android:name="android.intent.action.SEND" />
102-->src\main\AndroidManifest.xml:80:17-69
102-->src\main\AndroidManifest.xml:80:25-66
103
104                <category android:name="android.intent.category.DEFAULT" />
104-->src\main\AndroidManifest.xml:81:17-76
104-->src\main\AndroidManifest.xml:81:27-73
105
106                <data android:mimeType="text/plain" />
106-->src\main\AndroidManifest.xml:82:17-55
106-->src\main\AndroidManifest.xml:82:23-52
107            </intent-filter>
108        </activity>
109
110        <!-- Test App Launcher -->
111        <activity
111-->src\main\AndroidManifest.xml:87:9-99:20
112            android:name="com.elitesoftware.elitewindowingcomponents.TestAppLauncherActivity"
112-->src\main\AndroidManifest.xml:88:13-52
113            android:excludeFromRecents="true"
113-->src\main\AndroidManifest.xml:92:13-46
114            android:exported="true"
114-->src\main\AndroidManifest.xml:94:13-36
115            android:icon="@mipmap/ic_launcher"
115-->src\main\AndroidManifest.xml:90:13-47
116            android:label="Elite Test App"
116-->src\main\AndroidManifest.xml:89:13-43
117            android:noHistory="true"
117-->src\main\AndroidManifest.xml:93:13-37
118            android:taskAffinity="" >
118-->src\main\AndroidManifest.xml:91:13-36
119            <intent-filter>
119-->src\main\AndroidManifest.xml:26:13-29:29
120                <action android:name="android.intent.action.MAIN" />
120-->src\main\AndroidManifest.xml:27:17-69
120-->src\main\AndroidManifest.xml:27:25-66
121
122                <category android:name="android.intent.category.LAUNCHER" />
122-->src\main\AndroidManifest.xml:28:17-77
122-->src\main\AndroidManifest.xml:28:27-74
123            </intent-filter>
124        </activity>
125
126        <!-- Test App Activity -->
127        <activity
127-->src\main\AndroidManifest.xml:102:9-105:39
128            android:name="com.elitesoftware.elitewindowingcomponents.TestAppActivity"
128-->src\main\AndroidManifest.xml:103:13-44
129            android:exported="true"
129-->src\main\AndroidManifest.xml:105:13-36
130            android:label="Test App" />
130-->src\main\AndroidManifest.xml:104:13-37
131
132        <!-- Custom Package Launcher -->
133        <activity
133-->src\main\AndroidManifest.xml:108:9-121:20
134            android:name="com.elitesoftware.elitewindowingcomponents.PackageLauncherActivity"
134-->src\main\AndroidManifest.xml:109:13-52
135            android:excludeFromRecents="true"
135-->src\main\AndroidManifest.xml:114:13-46
136            android:exported="true"
136-->src\main\AndroidManifest.xml:116:13-36
137            android:icon="@mipmap/ic_launcher"
137-->src\main\AndroidManifest.xml:111:13-47
138            android:label="Launch Any App"
138-->src\main\AndroidManifest.xml:110:13-43
139            android:noHistory="true"
139-->src\main\AndroidManifest.xml:115:13-37
140            android:taskAffinity=""
140-->src\main\AndroidManifest.xml:113:13-36
141            android:theme="@style/Theme.AppCompat.Light.Dialog" >
141-->src\main\AndroidManifest.xml:112:13-64
142            <intent-filter>
142-->src\main\AndroidManifest.xml:26:13-29:29
143                <action android:name="android.intent.action.MAIN" />
143-->src\main\AndroidManifest.xml:27:17-69
143-->src\main\AndroidManifest.xml:27:25-66
144
145                <category android:name="android.intent.category.LAUNCHER" />
145-->src\main\AndroidManifest.xml:28:17-77
145-->src\main\AndroidManifest.xml:28:27-74
146            </intent-filter>
147        </activity>
148
149        <!-- Calculator Launcher -->
150        <activity
150-->src\main\AndroidManifest.xml:124:9-136:20
151            android:name="com.elitesoftware.elitewindowingcomponents.CalculatorLauncherActivity"
151-->src\main\AndroidManifest.xml:125:13-55
152            android:excludeFromRecents="true"
152-->src\main\AndroidManifest.xml:129:13-46
153            android:exported="true"
153-->src\main\AndroidManifest.xml:131:13-36
154            android:icon="@mipmap/ic_launcher"
154-->src\main\AndroidManifest.xml:127:13-47
155            android:label="Elite Calculator"
155-->src\main\AndroidManifest.xml:126:13-45
156            android:noHistory="true"
156-->src\main\AndroidManifest.xml:130:13-37
157            android:taskAffinity="" >
157-->src\main\AndroidManifest.xml:128:13-36
158            <intent-filter>
158-->src\main\AndroidManifest.xml:26:13-29:29
159                <action android:name="android.intent.action.MAIN" />
159-->src\main\AndroidManifest.xml:27:17-69
159-->src\main\AndroidManifest.xml:27:25-66
160
161                <category android:name="android.intent.category.LAUNCHER" />
161-->src\main\AndroidManifest.xml:28:17-77
161-->src\main\AndroidManifest.xml:28:27-74
162            </intent-filter>
163        </activity>
164
165        <!-- Elite Window Framework API Receiver -->
166        <receiver
166-->src\main\AndroidManifest.xml:139:9-145:20
167            android:name="com.elitesoftware.elitewindowingcomponents.WindowApiReceiver"
167-->src\main\AndroidManifest.xml:140:13-46
168            android:exported="true" >
168-->src\main\AndroidManifest.xml:141:13-36
169            <intent-filter>
169-->src\main\AndroidManifest.xml:142:13-144:29
170                <action android:name="com.elitesoftware.elitewindowingcomponents.LAUNCH_WINDOW" />
170-->src\main\AndroidManifest.xml:143:17-99
170-->src\main\AndroidManifest.xml:143:25-96
171            </intent-filter>
172        </receiver>
173
174        <service
174-->src\main\AndroidManifest.xml:147:9-106
175            android:name="com.elitesoftware.elitewindowingcomponents.FloatingWidgetService"
175-->src\main\AndroidManifest.xml:147:18-55
176            android:enabled="true"
176-->src\main\AndroidManifest.xml:147:56-78
177            android:exported="false" />
177-->src\main\AndroidManifest.xml:147:79-103
178
179        <meta-data
179-->[dev.rikka.shizuku:provider:13.1.0] AndroidManifest.xml:13:9-15:36
180            android:name="moe.shizuku.client.V3_SUPPORT"
180-->[dev.rikka.shizuku:provider:13.1.0] AndroidManifest.xml:14:13-57
181            android:value="true" />
181-->[dev.rikka.shizuku:provider:13.1.0] AndroidManifest.xml:15:13-33
182
183        <provider
183-->[androidx.emoji2:emoji2:1.2.0] AndroidManifest.xml:24:9-32:20
184            android:name="androidx.startup.InitializationProvider"
184-->[androidx.emoji2:emoji2:1.2.0] AndroidManifest.xml:25:13-67
185            android:authorities="com.elitesoftware.geminiwidget.androidx-startup"
185-->[androidx.emoji2:emoji2:1.2.0] AndroidManifest.xml:26:13-68
186            android:exported="false" >
186-->[androidx.emoji2:emoji2:1.2.0] AndroidManifest.xml:27:13-37
187            <meta-data
187-->[androidx.emoji2:emoji2:1.2.0] AndroidManifest.xml:29:13-31:52
188                android:name="androidx.emoji2.text.EmojiCompatInitializer"
188-->[androidx.emoji2:emoji2:1.2.0] AndroidManifest.xml:30:17-75
189                android:value="androidx.startup" />
189-->[androidx.emoji2:emoji2:1.2.0] AndroidManifest.xml:31:17-49
190            <meta-data
190-->[androidx.lifecycle:lifecycle-process:2.4.1] AndroidManifest.xml:31:13-33:52
191                android:name="androidx.lifecycle.ProcessLifecycleInitializer"
191-->[androidx.lifecycle:lifecycle-process:2.4.1] AndroidManifest.xml:32:17-78
192                android:value="androidx.startup" />
192-->[androidx.lifecycle:lifecycle-process:2.4.1] AndroidManifest.xml:33:17-49
193        </provider>
194    </application>
195
196</manifest>